TRAP:1525612283.853637:Task(id=1, name='Kernel._run_coro.<locals>._kernel_task'):Traps._trap_io:(<socket.socket fd=7, family=AddressFamily.AF_UNIX, type=SocketKind.SOCK_STREAM, proto=0>, 1, 'READ_WAIT')
CREATE:1525612283.854022:Task(id=2, name='main', state='READY')
TRAP:1525612283.854450:Task(id=2, name='main'):Traps._trap_spawn:(<coroutine object chat_server at 0x1067750f8>,)
CREATE:1525612283.854546:Task(id=3, name='chat_server', state='READY')
TRAP:1525612283.854646:Task(id=2, name='main'):Traps._trap_future_wait:(<Future at 0x1067668d0 state=pending>, None)
TRAP:1525612283.854827:Task(id=3, name='chat_server'):Traps._trap_spawn:(<coroutine object tcp_server at 0x1067752b0>,)
CREATE:1525612283.854903:Task(id=4, name='tcp_server', state='READY')
TRAP:1525612283.854972:Task(id=3, name='chat_server'):Traps._trap_spawn:(<coroutine object dispatcher at 0x106775360>,)
CREATE:1525612283.855066:Task(id=5, name='dispatcher', state='READY')
TRAP:1525612283.855138:Task(id=3, name='chat_server'):Traps._trap_sched_wait:(<curio.sched.SchedFIFO object at 0x1067669e8>, 'SEMA_ACQUIRE')
TRAP:1525612283.855622:Task(id=4, name='tcp_server'):Traps._trap_io:(<fd=10>, 1, 'READ_WAIT')
TRAP:1525612283.855754:Task(id=5, name='dispatcher'):Traps._trap_sched_wait:(<curio.sched.SchedFIFO object at 0x105ee9c88>, 'QUEUE_GET')
TRAP:1525612285.796689:Task(id=4, name='tcp_server'):Traps._trap_spawn:(<coroutine object run_client at 0x106775728>,)
CREATE:1525612285.796824:Task(id=6, name='run_client', state='READY')
TRAP:1525612285.796889:Task(id=4, name='tcp_server'):Traps._trap_io:(<fd=10>, 1, 'READ_WAIT')
TRAP:1525612285.797033:Task(id=6, name='run_client'):Traps._trap_spawn:(<coroutine object sender at 0x1067758e0>,)
CREATE:1525612285.797134:Task(id=7, name='sender', state='READY')
TRAP:1525612285.797272:Task(id=6, name='run_client'):Traps._trap_io:(<fd=11>, 1, 'READ_WAIT')
TRAP:1525612285.797444:Task(id=7, name='sender'):Traps._trap_sched_wait:(<curio.sched.SchedFIFO object at 0x106766dd8>, 'QUEUE_GET')
TRAP:1525612287.515635:Task(id=4, name='tcp_server'):Traps._trap_spawn:(<coroutine object run_client at 0x106775ba0>,)
CREATE:1525612287.515771:Task(id=8, name='run_client', state='READY')
TRAP:1525612287.515839:Task(id=4, name='tcp_server'):Traps._trap_io:(<fd=10>, 1, 'READ_WAIT')
TRAP:1525612287.515974:Task(id=8, name='run_client'):Traps._trap_spawn:(<coroutine object sender at 0x106775d58>,)
CREATE:1525612287.516042:Task(id=9, name='sender', state='READY')
TRAP:1525612287.516141:Task(id=8, name='run_client'):Traps._trap_io:(<fd=12>, 1, 'READ_WAIT')
TRAP:1525612287.516329:Task(id=9, name='sender'):Traps._trap_sched_wait:(<curio.sched.SchedFIFO object at 0x106782080>, 'QUEUE_GET')
TRAP:1525612290.555420:Task(id=6, name='run_client'):Traps._trap_sched_wake:(<curio.sched.SchedFIFO object at 0x105ee9c88>, 1)
TRAP:1525612290.555664:Task(id=6, name='run_client'):Traps._trap_io:(<fd=11>, 1, 'READ_WAIT')
TRAP:1525612290.555808:Task(id=5, name='dispatcher'):Traps._trap_sched_wake:(<curio.sched.SchedFIFO object at 0x106766dd8>, 1)
TRAP:1525612290.555905:Task(id=5, name='dispatcher'):Traps._trap_sched_wake:(<curio.sched.SchedFIFO object at 0x106782080>, 1)
TRAP:1525612290.555992:Task(id=5, name='dispatcher'):Traps._trap_sched_wait:(<curio.sched.SchedFIFO object at 0x105ee9c88>, 'QUEUE_GET')
TRAP:1525612290.556233:Task(id=7, name='sender'):Traps._trap_sched_wait:(<curio.sched.SchedFIFO object at 0x106766dd8>, 'QUEUE_GET')
TRAP:1525612290.556499:Task(id=9, name='sender'):Traps._trap_sched_wait:(<curio.sched.SchedFIFO object at 0x106782080>, 'QUEUE_GET')
TRAP:1525612293.582800:Task(id=8, name='run_client'):Traps._trap_sched_wake:(<curio.sched.SchedFIFO object at 0x105ee9c88>, 1)
TRAP:1525612293.583025:Task(id=8, name='run_client'):Traps._trap_io:(<fd=12>, 1, 'READ_WAIT')
TRAP:1525612293.583166:Task(id=5, name='dispatcher'):Traps._trap_sched_wake:(<curio.sched.SchedFIFO object at 0x106766dd8>, 1)
TRAP:1525612293.583261:Task(id=5, name='dispatcher'):Traps._trap_sched_wake:(<curio.sched.SchedFIFO object at 0x106782080>, 1)
TRAP:1525612293.583350:Task(id=5, name='dispatcher'):Traps._trap_sched_wait:(<curio.sched.SchedFIFO object at 0x105ee9c88>, 'QUEUE_GET')
TRAP:1525612293.586130:Task(id=7, name='sender'):Traps._trap_sched_wait:(<curio.sched.SchedFIFO object at 0x106766dd8>, 'QUEUE_GET')
TRAP:1525612293.586421:Task(id=9, name='sender'):Traps._trap_sched_wait:(<curio.sched.SchedFIFO object at 0x106782080>, 'QUEUE_GET')
TRAP:1525612296.954949:Task(id=8, name='run_client'):Traps._trap_sched_wake:(<curio.sched.SchedFIFO object at 0x105ee9c88>, 1)
TRAP:1525612296.955177:Task(id=8, name='run_client'):Traps._trap_io:(<fd=12>, 1, 'READ_WAIT')
TRAP:1525612296.955319:Task(id=5, name='dispatcher'):Traps._trap_sched_wake:(<curio.sched.SchedFIFO object at 0x106766dd8>, 1)
TRAP:1525612296.955416:Task(id=5, name='dispatcher'):Traps._trap_sched_wake:(<curio.sched.SchedFIFO object at 0x106782080>, 1)
TRAP:1525612296.955506:Task(id=5, name='dispatcher'):Traps._trap_sched_wait:(<curio.sched.SchedFIFO object at 0x105ee9c88>, 'QUEUE_GET')
TRAP:1525612296.955742:Task(id=7, name='sender'):Traps._trap_sched_wait:(<curio.sched.SchedFIFO object at 0x106766dd8>, 'QUEUE_GET')
TRAP:1525612296.955969:Task(id=9, name='sender'):Traps._trap_sched_wait:(<curio.sched.SchedFIFO object at 0x106782080>, 'QUEUE_GET')
TRAP:1525612302.606904:Task(id=6, name='run_client'):Traps._trap_sched_wake:(<curio.sched.SchedFIFO object at 0x105ee9c88>, 1)
TRAP:1525612302.607128:Task(id=6, name='run_client'):Traps._trap_io:(<fd=11>, 1, 'READ_WAIT')
TRAP:1525612302.607270:Task(id=5, name='dispatcher'):Traps._trap_sched_wake:(<curio.sched.SchedFIFO object at 0x106766dd8>, 1)
TRAP:1525612302.607365:Task(id=5, name='dispatcher'):Traps._trap_sched_wake:(<curio.sched.SchedFIFO object at 0x106782080>, 1)
TRAP:1525612302.607455:Task(id=5, name='dispatcher'):Traps._trap_sched_wait:(<curio.sched.SchedFIFO object at 0x105ee9c88>, 'QUEUE_GET')
TRAP:1525612302.607596:Task(id=7, name='sender'):Traps._trap_sched_wait:(<curio.sched.SchedFIFO object at 0x106766dd8>, 'QUEUE_GET')
TRAP:1525612302.607821:Task(id=9, name='sender'):Traps._trap_sched_wait:(<curio.sched.SchedFIFO object at 0x106782080>, 'QUEUE_GET')
TRAP:1525612304.598008:Task(id=6, name='run_client'):Traps._trap_sched_wake:(<curio.sched.SchedFIFO object at 0x105ee9c88>, 1)
TRAP:1525612304.598352:Task(id=6, name='run_client'):Traps._trap_cancel_task:(Task(id=7, name='sender', state='QUEUE_GET'), <class 'curio.errors.TaskCancelled'>, None)
TRAP:1525612304.598506:Task(id=6, name='run_client'):Traps._trap_sched_wait:(<curio.sched.SchedBarrier object at 0x106766f28>, 'TASK_JOIN')
TRAP:1525612304.598757:Task(id=5, name='dispatcher'):Traps._trap_sched_wake:(<curio.sched.SchedFIFO object at 0x106782080>, 1)
TRAP:1525612304.598927:Task(id=5, name='dispatcher'):Traps._trap_sched_wait:(<curio.sched.SchedFIFO object at 0x105ee9c88>, 'QUEUE_GET')
TERMINATED:1525612304.599082:Task(id=7, name='sender', state='TERMINATED')
TRAP:1525612304.599341:Task(id=9, name='sender'):Traps._trap_sched_wait:(<curio.sched.SchedFIFO object at 0x106782080>, 'QUEUE_GET')
TERMINATED:1525612304.599771:Task(id=6, name='run_client', state='TERMINATED')
TRAP:1525612306.777830:Task(id=8, name='run_client'):Traps._trap_sched_wake:(<curio.sched.SchedFIFO object at 0x105ee9c88>, 1)
TRAP:1525612306.778134:Task(id=8, name='run_client'):Traps._trap_cancel_task:(Task(id=9, name='sender', state='QUEUE_GET'), <class 'curio.errors.TaskCancelled'>, None)
TRAP:1525612306.778323:Task(id=8, name='run_client'):Traps._trap_sched_wait:(<curio.sched.SchedBarrier object at 0x1067821d0>, 'TASK_JOIN')
TRAP:1525612306.778605:Task(id=5, name='dispatcher'):Traps._trap_sched_wait:(<curio.sched.SchedFIFO object at 0x105ee9c88>, 'QUEUE_GET')
TERMINATED:1525612306.778816:Task(id=9, name='sender', state='TERMINATED')
TERMINATED:1525612306.779083:Task(id=8, name='run_client', state='TERMINATED')
CREATE:1525612312.375713:Task(id=10, name='Kernel.run.<locals>._shutdown_tasks', state='READY')
TRAP:1525612312.375940:Task(id=10, name='Kernel.run.<locals>._shutdown_tasks'):Traps._trap_cancel_task:(Task(id=2, name='main', state='FUTURE_WAIT'), <class 'curio.errors.TaskCancelled'>, None)
TRAP:1525612312.376068:Task(id=10, name='Kernel.run.<locals>._shutdown_tasks'):Traps._trap_sched_wait:(<curio.sched.SchedBarrier object at 0x1067666a0>, 'TASK_JOIN')
TERMINATED:1525612312.376241:Task(id=2, name='main', state='TERMINATED')
TRAP:1525612312.376312:Task(id=1, name='Kernel._run_coro.<locals>._kernel_task'):Traps._trap_io:(<socket.socket fd=7, family=AddressFamily.AF_UNIX, type=SocketKind.SOCK_STREAM, proto=0>, 1, 'READ_WAIT')
TRAP:1525612312.376404:Task(id=10, name='Kernel.run.<locals>._shutdown_tasks'):Traps._trap_cancel_task:(Task(id=3, name='chat_server', state='SEMA_ACQUIRE'), <class 'curio.errors.TaskCancelled'>, None)
TRAP:1525612312.376470:Task(id=10, name='Kernel.run.<locals>._shutdown_tasks'):Traps._trap_sched_wait:(<curio.sched.SchedBarrier object at 0x106766898>, 'TASK_JOIN')
TRAP:1525612312.376546:Task(id=3, name='chat_server'):Traps._trap_cancel_task:(Task(id=4, name='tcp_server', state='READ_WAIT'), <class 'curio.errors.TaskCancelled'>, None)
TRAP:1525612312.376623:Task(id=3, name='chat_server'):Traps._trap_sched_wait:(<curio.sched.SchedBarrier object at 0x106766b38>, 'TASK_JOIN')
TERMINATED:1525612312.376784:Task(id=4, name='tcp_server', state='TERMINATED')
TRAP:1525612312.376919:Task(id=3, name='chat_server'):Traps._trap_cancel_task:(Task(id=5, name='dispatcher', state='QUEUE_GET'), <class 'curio.errors.TaskCancelled'>, None)
TRAP:1525612312.376990:Task(id=3, name='chat_server'):Traps._trap_sched_wait:(<curio.sched.SchedBarrier object at 0x106766ba8>, 'TASK_JOIN')
TERMINATED:1525612312.377108:Task(id=5, name='dispatcher', state='TERMINATED')
TERMINATED:1525612312.377217:Task(id=3, name='chat_server', state='TERMINATED')
TRAP:1525612312.377290:Task(id=10, name='Kernel.run.<locals>._shutdown_tasks'):Traps._trap_cancel_task:(Task(id=1, name='Kernel._run_coro.<locals>._kernel_task', state='READ_WAIT'), <class 'curio.errors.TaskCancelled'>, None)
TRAP:1525612312.377372:Task(id=10, name='Kernel.run.<locals>._shutdown_tasks'):Traps._trap_sched_wait:(<curio.sched.SchedBarrier object at 0x1067662e8>, 'TASK_JOIN')
TERMINATED:1525612312.377456:Task(id=1, name='Kernel._run_coro.<locals>._kernel_task', state='TERMINATED')
TERMINATED:1525612312.377515:Task(id=10, name='Kernel.run.<locals>._shutdown_tasks', state='TERMINATED')
